<?xml version="1.0" encoding="UTF-8"?>
<!-- Generated by org.testng.reporters.JUnitReportReporter -->
<testsuite skipped="0" hostname="192.168.0.104" name="com.shopee.runner.RunCukesTest" tests="1" failures="0" timestamp="21 Nov 2021 05:39:05 GMT" time="114.114" errors="0">
  <testcase name="feature" time="114.114" classname="com.shopee.runner.RunCukesTest"/>
</testsuite> <!-- com.shopee.runner.RunCukesTest -->
