<?xml version="1.0" encoding="UTF-8"?>
<!-- Generated by org.testng.reporters.JUnitReportReporter -->
<testsuite skipped="0" hostname="192.168.0.104" name="com.shopee.runner.RunCukesTest" tests="1" failures="0" timestamp="20 Nov 2021 08:57:19 GMT" time="17.523" errors="0">
  <testcase name="feature" time="17.523" classname="com.shopee.runner.RunCukesTest"/>
</testsuite> <!-- com.shopee.runner.RunCukesTest -->
