<?xml version="1.0" encoding="UTF-8"?>
<!-- Generated by org.testng.reporters.JUnitReportReporter -->
<testsuite skipped="0" hostname="C02Z18NXLVDC.local" name="com.hlb.viet.runner.RunCukesTest" tests="1" failures="0" timestamp="19 Aug 2021 20:24:19 GMT" time="154.912" errors="0">
  <testcase name="feature" time="154.912" classname="com.hlb.viet.runner.RunCukesTest"/>
</testsuite> <!-- com.hlb.viet.runner.RunCukesTest -->
